#
# There is insufficient memory for the Java Runtime Environment to continue.
# Native memory allocation (mmap) failed to map 268435456 bytes for Failed to commit area from 0x0000000700c00000 to 0x0000000710c00000 of length 268435456.
# Possible reasons:
#   The system is out of physical RAM or swap space
#   The process is running with CompressedOops enabled, and the Java Heap may be blocking the growth of the native heap
# Possible solutions:
#   Reduce memory load on the system
#   Increase physical memory or swap space
#   Check if swap backing store is full
#   Decrease Java heap size (-Xmx/-Xms)
#   Decrease number of Java threads
#   Decrease Java thread stack sizes (-Xss)
#   Set larger code cache with -XX:ReservedCodeCacheSize=
# This output file may be truncated or incomplete.
#
#  Out of Memory Error (./src/hotspot/os/windows/os_windows.cpp:3301), pid=8904, tid=10540
#
# JRE version:  (11.0.10) (build )
# Java VM: OpenJDK 64-Bit Server VM (11.0.10+0-b96-7249189, mixed mode, sharing, tiered, compressed oops, g1 gc, windows-amd64)
# No core dump will be written. Minidumps are not enabled by default on client versions of Windows
#

---------------  S U M M A R Y ------------

Command Line: org.jetbrains.git4idea.http.GitAskPassApp Username for 'https://github.com': 

Host: Intel(R) Core(TM) i5-3570K CPU @ 3.40GHz, 4 cores, 15G,  Windows 10 , 64 bit Build 18362 (10.0.18362.329)
Time: Thu Dec 30 20:18:59 2021 Eastern Standard Time elapsed time: 0.013196 seconds (0d 0h 0m 0s)

---------------  T H R E A D  ---------------

Current thread (0x0000024a0d0ee800):  JavaThread "Unknown thread" [_thread_in_vm, id=10540, stack(0x0000006b9a100000,0x0000006b9a200000)]

Stack: [0x0000006b9a100000,0x0000006b9a200000]
Native frames: (J=compiled Java code, j=interpreted, Vv=VM code, C=native code)
V  [jvm.dll+0x5ecfaa]
V  [jvm.dll+0x722bd5]
V  [jvm.dll+0x72412d]
V  [jvm.dll+0x7247e3]
V  [jvm.dll+0x242928]
V  [jvm.dll+0x5ea374]
V  [jvm.dll+0x5df425]
V  [jvm.dll+0x2fdebb]
V  [jvm.dll+0x2fde2a]
V  [jvm.dll+0x2fdd02]
V  [jvm.dll+0x302bf6]
V  [jvm.dll+0x34b2a3]
V  [jvm.dll+0x34b9a6]
V  [jvm.dll+0x34b3a3]
V  [jvm.dll+0x2d8888]
V  [jvm.dll+0x2d9a37]
V  [jvm.dll+0x701737]
V  [jvm.dll+0x702f2c]
V  [jvm.dll+0x3587d9]
V  [jvm.dll+0x6e4fae]
V  [jvm.dll+0x3c0be3]
V  [jvm.dll+0x3c2e91]
C  [jli.dll+0x5373]
C  [ucrtbase.dll+0x20e72]
C  [KERNEL32.DLL+0x17bd4]
C  [ntdll.dll+0x6ced1]


---------------  P R O C E S S  ---------------

Threads class SMR info:
_java_thread_list=0x0000024a0d016780, length=0, elements={
}

Java Threads: ( => current thread )

Other Threads:
  0x0000024a0f1d9800 GCTaskThread "GC Thread#0" [stack: 0x0000006b9a200000,0x0000006b9a300000] [id=5324]
  0x0000024a0f236000 ConcurrentGCThread "G1 Main Marker" [stack: 0x0000006b9a300000,0x0000006b9a400000] [id=10984]
  0x0000024a0f238800 ConcurrentGCThread "G1 Conc#0" [stack: 0x0000006b9a400000,0x0000006b9a500000] [id=11624]

[error occurred during error reporting (printing all threads), id 0xc0000005, EXCEPTION_ACCESS_VIOLATION (0xc0000005) at pc=0x00007ffaf26a9107]

VM state:not at safepoint (not fully initialized)

VM Mutex/Monitor currently owned by a thread:  ([mutex/lock_event])
[0x0000024a0f1bd2c0] Heap_lock - owner thread: 0x0000024a0d0ee800

Heap address: 0x0000000700c00000, size: 4084 MB, Compressed Oops mode: Non-zero based: 0x0000000700c00000
Narrow klass base: 0x0000000000000000, Narrow klass shift: 0

GC Heap History (0 events):
No events

Deoptimization events (0 events):
No events

Classes redefined (0 events):
No events

Internal exceptions (0 events):
No events

Events (1 events):
Event: 0.009 Loaded shared library C:\Program Files\Android\Android Studio\jre\bin\zip.dll


Dynamic libraries:
0x00007ff6a1110000 - 0x00007ff6a111a000 	C:\Program Files\Android\Android Studio\jre\bin\java.exe
0x00007ffb4e9e0000 - 0x00007ffb4ebd0000 	C:\WINDOWS\SYSTEM32\ntdll.dll
0x00007ffb4d970000 - 0x00007ffb4da22000 	C:\WINDOWS\System32\KERNEL32.DLL
0x00007ffb4bfd0000 - 0x00007ffb4c273000 	C:\WINDOWS\System32\KERNELBASE.dll
0x00007ffb4bd80000 - 0x00007ffb4be7a000 	C:\WINDOWS\System32\ucrtbase.dll
0x00007ffb35090000 - 0x00007ffb350a7000 	C:\Program Files\Android\Android Studio\jre\bin\VCRUNTIME140.dll
0x00007ffb34010000 - 0x00007ffb34029000 	C:\Program Files\Android\Android Studio\jre\bin\jli.dll
0x00007ffb4cff0000 - 0x00007ffb4d184000 	C:\WINDOWS\System32\USER32.dll
0x00007ffb4bc40000 - 0x00007ffb4bc61000 	C:\WINDOWS\System32\win32u.dll
0x00007ffb4d8d0000 - 0x00007ffb4d8f6000 	C:\WINDOWS\System32\GDI32.dll
0x00007ffb3e180000 - 0x00007ffb3e405000 	C:\WINDOWS\WinSxS\amd64_microsoft.windows.common-controls_6595b64144ccf1df_6.0.18362.720_none_e6beb5c51314836b\COMCTL32.dll
0x00007ffb4baa0000 - 0x00007ffb4bc34000 	C:\WINDOWS\System32\gdi32full.dll
0x00007ffb4e900000 - 0x00007ffb4e99e000 	C:\WINDOWS\System32\msvcrt.dll
0x00007ffb4c2d0000 - 0x00007ffb4c36e000 	C:\WINDOWS\System32\msvcp_win.dll
0x00007ffb4ccb0000 - 0x00007ffb4cfe6000 	C:\WINDOWS\System32\combase.dll
0x00007ffb4d2e0000 - 0x00007ffb4d400000 	C:\WINDOWS\System32\RPCRT4.dll
0x00007ffb4c370000 - 0x00007ffb4c3f0000 	C:\WINDOWS\System32\bcryptPrimitives.dll
0x00007ffb4cc80000 - 0x00007ffb4ccae000 	C:\WINDOWS\System32\IMM32.DLL
0x00007ffb11590000 - 0x00007ffb1162d000 	C:\Program Files\Android\Android Studio\jre\bin\msvcp140.dll
0x00007ffaf23c0000 - 0x00007ffaf2e8f000 	C:\Program Files\Android\Android Studio\jre\bin\server\jvm.dll
0x00007ffb4dbf0000 - 0x00007ffb4dc93000 	C:\WINDOWS\System32\ADVAPI32.dll
0x00007ffb4dd00000 - 0x00007ffb4dd97000 	C:\WINDOWS\System32\sechost.dll
0x00007ffb4d190000 - 0x00007ffb4d198000 	C:\WINDOWS\System32\PSAPI.DLL
0x00007ffb3a0d0000 - 0x00007ffb3a0d9000 	C:\WINDOWS\SYSTEM32\WSOCK32.dll
0x00007ffb485e0000 - 0x00007ffb48604000 	C:\WINDOWS\SYSTEM32\WINMM.dll
0x00007ffb4d900000 - 0x00007ffb4d96f000 	C:\WINDOWS\System32\WS2_32.dll
0x00007ffb460d0000 - 0x00007ffb460da000 	C:\WINDOWS\SYSTEM32\VERSION.dll
0x00007ffb485b0000 - 0x00007ffb485dd000 	C:\WINDOWS\SYSTEM32\winmmbase.dll
0x00007ffb4ba50000 - 0x00007ffb4ba9a000 	C:\WINDOWS\System32\cfgmgr32.dll
0x00007ffb4b990000 - 0x00007ffb4b9a1000 	C:\WINDOWS\System32\kernel.appcore.dll
0x00007ffb02470000 - 0x00007ffb02481000 	C:\Program Files\Android\Android Studio\jre\bin\verify.dll
0x00007ffb3eac0000 - 0x00007ffb3ecb4000 	C:\WINDOWS\SYSTEM32\DBGHELP.DLL
0x00007ffb35910000 - 0x00007ffb3593a000 	C:\WINDOWS\SYSTEM32\dbgcore.DLL
0x00007ffb02440000 - 0x00007ffb02469000 	C:\Program Files\Android\Android Studio\jre\bin\java.dll
0x00007ffb295b0000 - 0x00007ffb295bb000 	C:\Program Files\Android\Android Studio\jre\bin\jimage.dll
0x00007ffb02420000 - 0x00007ffb02438000 	C:\Program Files\Android\Android Studio\jre\bin\zip.dll

dbghelp: loaded successfully - version: 4.0.5 - missing functions: none
symbol engine: initialized successfully - sym options: 0x614 - pdb path: .;C:\Program Files\Android\Android Studio\jre\bin;C:\WINDOWS\SYSTEM32;C:\WINDOWS\WinSxS\amd64_microsoft.windows.common-controls_6595b64144ccf1df_6.0.18362.720_none_e6beb5c51314836b;C:\Program Files\Android\Android Studio\jre\bin\server

VM Arguments:
java_command: org.jetbrains.git4idea.http.GitAskPassApp Username for 'https://github.com': 
java_class_path (initial): C:/Program Files/Android/Android Studio/plugins/git4idea/lib/git4idea-rt.jar;C:/Program Files/Android/Android Studio/lib/xmlrpc-2.0.1.jar;C:/Program Files/Android/Android Studio/lib/commons-codec-1.14.jar
Launcher Type: SUN_STANDARD

[Global flags]
     intx CICompilerCount                          = 3                                         {product} {ergonomic}
     uint ConcGCThreads                            = 1                                         {product} {ergonomic}
     uint G1ConcRefinementThreads                  = 4                                         {product} {ergonomic}
   size_t G1HeapRegionSize                         = 1048576                                   {product} {ergonomic}
    uintx GCDrainStackTargetSize                   = 64                                        {product} {ergonomic}
   size_t InitialHeapSize                          = 268435456                                 {product} {ergonomic}
   size_t MarkStackSize                            = 4194304                                   {product} {ergonomic}
   size_t MaxHeapSize                              = 4282384384                                {product} {ergonomic}
   size_t MinHeapDeltaBytes                        = 1048576                                   {product} {ergonomic}
    uintx NonNMethodCodeHeapSize                   = 5830732                                {pd product} {ergonomic}
    uintx NonProfiledCodeHeapSize                  = 122913754                              {pd product} {ergonomic}
    uintx ProfiledCodeHeapSize                     = 122913754                              {pd product} {ergonomic}
    uintx ReservedCodeCacheSize                    = 251658240                              {pd product} {ergonomic}
     bool SegmentedCodeCache                       = true                                      {product} {ergonomic}
     bool UseCompressedClassPointers               = true                                 {lp64_product} {ergonomic}
     bool UseCompressedOops                        = true                                 {lp64_product} {ergonomic}
     bool UseG1GC                                  = true                                      {product} {ergonomic}
     bool UseLargePagesIndividualAllocation        = false                                  {pd product} {ergonomic}

Logging:
Log output configuration:
 #0: stdout all=warning uptime,level,tags
 #1: stderr all=off uptime,level,tags

Environment Variables:
PATH=C:\Program Files\Git\mingw64\libexec\git-core;C:\Program Files\Git\mingw64\libexec\git-core;C:\Program Files\Git\mingw64\bin;C:\Program Files\Git\usr\bin;C:\Users\PC\bin;C:\Program Files (x86)\Common Files\Oracle\Java\javapath;C:\ProgramData\Oracle\Java\javapath;C:\Program Files (x86)\Windows Live\Shared;C:\WINDOWS\system32;C:\WINDOWS;C:\WINDOWS\System32\Wbem;C:\WINDOWS\System32\WindowsPowerShell\v1.0;C:\Program Files (x86)\GtkSharp\2.12\bin;C:\Program Files (x86)\Skype\Phone;C:\WINDOWS\System32\OpenSSH;E:\Program Files\MATLAB\R2020a\bin;C:\Program Files\NVIDIA Corporation\NVIDIA NvDLISR;C:\Program Files (x86)\NVIDIA Corporation\PhysX\Common;C:\Program Files (x86)\Webex\Plugins;C:\Program Files\Docker\Docker\resources\bin;C:\ProgramData\DockerDesktop\version-bin;C:\Program Files\Git\cmd;C:\Users\PC\AppData\Local\Programs\Python\Python35-32;C:\Users\PC\AppData\Local\Programs\Microsoft VS Code\bin;C:\Users\PC\AppData\Local\Microsoft\WindowsApps
USERNAME=PC
DISPLAY=:0.0
LC_ALL=en_US.UTF-8
OS=Windows_NT
PROCESSOR_IDENTIFIER=Intel64 Family 6 Model 58 Stepping 9, GenuineIntel



---------------  S Y S T E M  ---------------

OS: Windows 10 , 64 bit Build 18362 (10.0.18362.329)
OS uptime: 1 days 4:01 hours
Hyper-V role detected

CPU:total 4 (initial active 4) (4 cores per cpu, 1 threads per core) family 6 model 58 stepping 9 microcode 0x21, cmov, cx8, fxsr, mmx, sse, sse2, sse3, ssse3, sse4.1, sse4.2, popcnt, avx, aes, clmul, erms, tsc, tscinvbit, tscinv

Memory: 4k page, system-wide physical 16334M (5693M free)
TotalPageFile size 19690M (AvailPageFile size 174M)
current process WorkingSet (physical memory assigned to process): 10M, peak: 10M
current process commit charge ("private bytes"): 52M, peak: 308M

vm_info: OpenJDK 64-Bit Server VM (11.0.10+0-b96-7249189) for windows-amd64 JRE (11.0.10+0-b96-7249189), built on Mar 31 2021 21:44:00 by "builder" with MS VC++ 14.0 (VS2015)

END.
